c:\users\ashis\source\repos\rpg game\rpg game\x64\release\rpg game.pch
c:\users\ashis\source\repos\rpg game\rpg game\x64\release\vc143.pdb
c:\users\ashis\source\repos\rpg game\rpg game\x64\release\stdafx.obj
c:\users\ashis\source\repos\rpg game\rpg game\x64\release\tile.obj
c:\users\ashis\source\repos\rpg game\rpg game\x64\release\state.obj
c:\users\ashis\source\repos\rpg game\rpg game\x64\release\settingsstate.obj
c:\users\ashis\source\repos\rpg game\rpg game\x64\release\playergui.obj
c:\users\ashis\source\repos\rpg game\rpg game\x64\release\player.obj
c:\users\ashis\source\repos\rpg game\rpg game\x64\release\pausemenu.obj
c:\users\ashis\source\repos\rpg game\rpg game\x64\release\movementcomponent.obj
c:\users\ashis\source\repos\rpg game\rpg game\x64\release\mainmenustate.obj
c:\users\ashis\source\repos\rpg game\rpg game\x64\release\main.obj
c:\users\ashis\source\repos\rpg game\rpg game\x64\release\hitboxcomponent.obj
c:\users\ashis\source\repos\rpg game\rpg game\x64\release\gun.obj
c:\users\ashis\source\repos\rpg game\rpg game\x64\release\game.obj
c:\users\ashis\source\repos\rpg game\rpg game\x64\release\entity.obj
c:\users\ashis\source\repos\rpg game\rpg game\x64\release\editorstate.obj
c:\users\ashis\source\repos\rpg game\rpg game\x64\release\gui.obj
c:\users\ashis\source\repos\rpg game\rpg game\x64\release\graphicssettings.obj
c:\users\ashis\source\repos\rpg game\rpg game\x64\release\bullet.obj
c:\users\ashis\source\repos\rpg game\rpg game\x64\release\attributecomponent.obj
c:\users\ashis\source\repos\rpg game\rpg game\x64\release\animationcomponent.obj
c:\users\ashis\source\repos\rpg game\rpg game\x64\release\weaponcomponent.obj
c:\users\ashis\source\repos\rpg game\rpg game\x64\release\tilemap.obj
c:\users\ashis\source\repos\rpg game\rpg game\x64\release\rpg game.tlog\cl.command.1.tlog
c:\users\ashis\source\repos\rpg game\rpg game\x64\release\rpg game.tlog\cl.read.1.tlog
c:\users\ashis\source\repos\rpg game\rpg game\x64\release\rpg game.tlog\cl.write.1.tlog
